This is pdfTeX, Version 3.141592653-2.6-1.40.26 (TeX Live 2024) (preloaded format=pdflatex 2024.10.27)  24 APR 2025 11:48
entering extended mode
 restricted \write18 enabled.
 file:line:error style messages enabled.
 %&-line parsing enabled.
**/Users/kenthirose/Documents/Econometrics-1/PS1.tex
(/Users/kenthirose/Documents/Econometrics-1/PS1.tex
LaTeX2e <2024-06-01> patch level 2
L3 programming layer <2024-10-09>
(/Users/kenthirose/Library/TinyTeX/texmf-dist/tex/latex/base/article.cls
Document Class: article 2024/02/08 v1.4n Standard LaTeX document class
(/Users/kenthirose/Library/TinyTeX/texmf-dist/tex/latex/base/size11.clo
File: size11.clo 2024/02/08 v1.4n Standard LaTeX file (size option)
)
\c@part=\count194
\c@section=\count195
\c@subsection=\count196
\c@subsubsection=\count197
\c@paragraph=\count198
\c@subparagraph=\count199
\c@figure=\count266
\c@table=\count267
\abovecaptionskip=\skip49
\belowcaptionskip=\skip50
\bibindent=\dimen141
)

! LaTeX Error: File `comment.sty' not found.

Type X to quit or <RETURN> to proceed,
or enter new name. (Default extension: sty)

Enter file name: 
/Users/kenthirose/Documents/Econometrics-1/PS1.tex:4: Emergency stop.
<read *> 
         
l.4 \usepackage
               {bbm}^^M
*** (cannot \read from terminal in nonstop modes)

 
Here is how much of TeX's memory you used:
 229 strings out of 475537
 2977 string characters out of 5776282
 381760 words of memory out of 5000000
 22966 multiletter control sequences out of 15000+600000
 558369 words of font info for 37 fonts, out of 8000000 for 9000
 14 hyphenation exceptions out of 8191
 35i,0n,38p,163b,36s stack positions out of 10000i,1000n,20000p,200000b,200000s
/Users/kenthirose/Documents/Econometrics-1/PS1.tex:4:  ==> Fatal error occurred, no output PDF file produced!
